[INFO] Scanning for projects...
[WARNING] The POM for org.jenkins-ci.tools:maven-hpi-plugin:jar:3.17 is missing, no dependency information available
[WARNING] Failed to build parent project for io.jenkins.plugins:opentelemetry:hpi:1.0-SNAPSHOT
[INFO] 
[INFO] ------------------< io.jenkins.plugins:opentelemetry >------------------
[INFO] Building Jenkins OpenTelemetry Plugin 1.0-SNAPSHOT
[INFO] --------------------------------[ hpi ]---------------------------------
[INFO] 
[INFO] --- maven-dependency-plugin:3.1.2:tree (default-cli) @ opentelemetry ---
[INFO] io.jenkins.plugins:opentelemetry:hpi:1.0-SNAPSHOT
[INFO] +- io.opentelemetry:opentelemetry-api:jar:0.13.1:compile
[INFO] |  +- io.opentelemetry:opentelemetry-context:jar:0.13.1:compile
[INFO] |  +- io.opentelemetry:opentelemetry-api-baggage:jar:0.13.1:compile
[INFO] |  +- io.opentelemetry:opentelemetry-api-metrics:jar:0.13.0-alpha:compile
[INFO] |  \- io.opentelemetry:opentelemetry-api-trace:jar:0.13.1:compile
[INFO] +- io.opentelemetry:opentelemetry-sdk:jar:0.13.1:compile
[INFO] |  \- io.opentelemetry:opentelemetry-sdk-common:jar:0.13.1:compile
[INFO] +- io.opentelemetry:opentelemetry-sdk-trace:jar:0.13.1:compile
[INFO] +- io.opentelemetry:opentelemetry-exporter-otlp:jar:0.13.1:compile
[INFO] +- io.opentelemetry:opentelemetry-exporter-otlp-trace:jar:0.13.1:compile
[INFO] |  +- io.opentelemetry:opentelemetry-sdk-extension-otproto:jar:0.13.1:runtime
[INFO] |  |  \- io.opentelemetry:opentelemetry-proto:jar:0.13.1:runtime
[INFO] |  +- io.grpc:grpc-api:jar:1.33.1:runtime
[INFO] |  |  +- io.grpc:grpc-context:jar:1.33.1:runtime
[INFO] |  |  \- com.google.errorprone:error_prone_annotations:jar:2.3.4:compile
[INFO] |  +- io.grpc:grpc-protobuf:jar:1.33.1:runtime
[INFO] |  |  +- com.google.api.grpc:proto-google-common-protos:jar:1.17.0:runtime
[INFO] |  |  \- io.grpc:grpc-protobuf-lite:jar:1.33.1:runtime
[INFO] |  +- io.grpc:grpc-stub:jar:1.33.1:runtime
[INFO] |  \- com.google.protobuf:protobuf-java:jar:3.14.0:runtime
[INFO] +- io.opentelemetry:opentelemetry-exporter-logging:jar:0.13.1:compile
[INFO] +- io.opentelemetry:opentelemetry-api-common:jar:0.13.1:compile
[INFO] +- io.opentelemetry:opentelemetry-sdk-metrics:jar:0.13.1-alpha:compile
[INFO] +- com.google.guava:guava:jar:11.0.1:compile
[INFO] |  \- com.google.code.findbugs:jsr305:jar:1.3.9:compile
[INFO] +- org.jenkins-ci.plugins:credentials:jar:2.3.13:compile
[INFO] |  +- org.jenkins-ci.plugins:structs:jar:1.20:compile
[INFO] |  \- org.antlr:antlr4-runtime:jar:4.5:compile
[INFO] |     \- org.abego.treelayout:org.abego.treelayout.core:jar:1.0.1:compile
[INFO] +- org.jenkins-ci.plugins.workflow:workflow-job:jar:2.40:compile
[INFO] |  +- org.jenkins-ci.plugins.workflow:workflow-step-api:jar:2.23:compile
[INFO] |  +- org.jenkins-ci.plugins.workflow:workflow-api:jar:2.40:compile
[INFO] |  \- org.jenkins-ci.plugins.workflow:workflow-support:jar:3.5:compile
[INFO] |     \- org.jboss.marshalling:jboss-marshalling-river:jar:2.0.6.Final:compile
[INFO] |        \- org.jboss.marshalling:jboss-marshalling:jar:2.0.6.Final:compile
[INFO] +- org.jenkins-ci.plugins.workflow:workflow-cps:jar:2.83:compile
[INFO] |  +- org.jenkins-ci.plugins.workflow:workflow-scm-step:jar:2.11:compile
[INFO] |  +- org.jenkins-ci.plugins:script-security:jar:1.75:compile
[INFO] |  |  +- org.kohsuke:groovy-sandbox:jar:1.27:compile
[INFO] |  |  \- com.github.ben-manes.caffeine:caffeine:jar:2.8.2:compile
[INFO] |  |     \- org.checkerframework:checker-qual:jar:3.3.0:compile
[INFO] |  +- org.jenkins-ci.plugins:scm-api:jar:2.6.4:compile
[INFO] |  +- com.cloudbees:groovy-cps:jar:1.32:compile
[INFO] |  +- org.jenkins-ci.ui:jquery-detached:jar:1.2.1:compile
[INFO] |  +- org.jenkins-ci.ui:ace-editor:jar:1.1:compile
[INFO] |  \- com.cloudbees:diff4j:jar:1.2:compile
[INFO] +- org.jenkins-ci.plugins.workflow:workflow-basic-steps:jar:2.20:test
[INFO] |  +- org.jenkins-ci.plugins:mailer:jar:1.32.1:compile
[INFO] |  |  \- org.jenkins-ci.plugins:display-url-api:jar:2.3.3:compile
[INFO] |  \- org.jenkins-ci.plugins:apache-httpcomponents-client-4-api:jar:4.5.10-2.0:compile
[INFO] |     +- org.apache.httpcomponents:httpclient:jar:4.5.10:compile
[INFO] |     |  \- org.apache.httpcomponents:httpcore:jar:4.4.12:compile
[INFO] |     +- org.apache.httpcomponents:httpmime:jar:4.5.10:compile
[INFO] |     +- org.apache.httpcomponents:fluent-hc:jar:4.5.10:compile
[INFO] |     +- org.apache.httpcomponents:httpclient-cache:jar:4.5.10:compile
[INFO] |     +- org.apache.httpcomponents:httpasyncclient:jar:4.1.4:compile
[INFO] |     |  \- org.apache.httpcomponents:httpcore-nio:jar:4.4.10:compile
[INFO] |     \- org.apache.httpcomponents:httpasyncclient-cache:jar:4.1.4:compile
[INFO] +- org.jenkins-ci.plugins.workflow:workflow-durable-task-step:jar:2.35:compile
[INFO] |  \- org.jenkins-ci.plugins:durable-task:jar:1.35:compile
[INFO] +- org.jenkinsci.plugins:pipeline-model-definition:jar:1.7.2:compile
[INFO] |  +- org.jenkinsci.plugins:pipeline-model-api:jar:1.7.2:compile
[INFO] |  |  \- com.github.fge:json-schema-validator:jar:2.0.4:compile
[INFO] |  |     +- com.github.fge:json-schema-core:jar:1.0.4:compile
[INFO] |  |     |  \- org.mozilla:rhino:jar:1.7R4:compile
[INFO] |  |     +- javax.mail:mailapi:jar:1.4.3:compile
[INFO] |  |     +- joda-time:joda-time:jar:2.1:compile
[INFO] |  |     \- com.googlecode.libphonenumber:libphonenumber:jar:5.3:compile
[INFO] |  +- org.jenkinsci.plugins:pipeline-model-extensions:jar:1.7.2:compile
[INFO] |  +- org.jenkinsci.plugins:pipeline-stage-tags-metadata:jar:1.7.2:compile
[INFO] |  +- org.jenkins-ci.plugins.workflow:workflow-multibranch:jar:2.22:compile
[INFO] |  |  +- org.jenkins-ci.plugins:branch-api:jar:2.6.0:compile
[INFO] |  |  \- org.jenkins-ci.plugins:cloudbees-folder:jar:6.14:compile
[INFO] |  +- org.jenkins-ci.plugins:pipeline-stage-step:jar:2.5:compile
[INFO] |  +- org.jenkins-ci.plugins:credentials-binding:jar:1.24:compile
[INFO] |  |  \- org.jenkins-ci.plugins:plain-credentials:jar:1.7:compile
[INFO] |  +- org.jenkins-ci.plugins.workflow:workflow-cps-global-lib:jar:2.17:compile
[INFO] |  |  +- org.apache.ivy:ivy:jar:2.4.0:compile
[INFO] |  |  \- org.jenkins-ci.plugins:git-server:jar:1.9:compile
[INFO] |  +- org.jenkins-ci.plugins:git-client:jar:3.5.1:compile
[INFO] |  |  +- org.jenkins-ci.plugins:trilead-api:jar:1.0.10:compile
[INFO] |  |  |  +- org.jenkins-ci:trilead-ssh2:jar:build-217-jenkins-21:compile
[INFO] |  |  |  \- org.kohsuke:trilead-putty-extension:jar:1.2:compile
[INFO] |  |  +- org.eclipse.jgit:org.eclipse.jgit:jar:5.9.0.202009080501-r:compile
[INFO] |  |  |  \- com.googlecode.javaewah:JavaEWAH:jar:1.1.7:compile
[INFO] |  |  +- org.eclipse.jgit:org.eclipse.jgit.http.server:jar:5.9.0.202009080501-r:compile
[INFO] |  |  +- org.eclipse.jgit:org.eclipse.jgit.http.apache:jar:5.9.0.202009080501-r:compile
[INFO] |  |  +- org.eclipse.jgit:org.eclipse.jgit.lfs:jar:5.9.0.202009080501-r:compile
[INFO] |  |  |  \- com.google.code.gson:gson:jar:2.8.2:compile
[INFO] |  |  +- org.eclipse.jgit:org.eclipse.jgit.ssh.jsch:jar:5.9.0.202009080501-r:compile
[INFO] |  |  \- org.jenkins-ci.plugins:jsch:jar:0.1.55.2:compile
[INFO] |  |     \- com.jcraft:jsch:jar:0.1.55:compile
[INFO] |  \- org.jenkins-ci.plugins:pipeline-input-step:jar:2.12:compile
[INFO] +- org.jenkins-ci.plugins:git:jar:4.4.4:test
[INFO] |  +- org.jenkins-ci.plugins:ssh-credentials:jar:1.18.1:compile
[INFO] |  \- commons-validator:commons-validator:jar:1.7:test
[INFO] +- io.jenkins:configuration-as-code:jar:1.44:test
[INFO] |  +- org.json:json:jar:20190722:test
[INFO] |  +- io.jenkins.plugins:snakeyaml-api:jar:1.27.0:test
[INFO] |  |  \- org.yaml:snakeyaml:jar:1.27:test
[INFO] |  +- io.vavr:vavr:jar:0.10.3:test
[INFO] |  |  \- io.vavr:vavr-match:jar:0.10.3:test
[INFO] |  \- org.apache.commons:commons-text:jar:1.9:test
[INFO] |     \- org.apache.commons:commons-lang3:jar:3.11:test
[INFO] +- io.jenkins.configuration-as-code:test-harness:jar:1.44:test
[INFO] |  +- org.everit.json:org.everit.json.schema:jar:1.5.1:test
[INFO] |  +- org.jenkins-ci.plugins:jackson2-api:jar:2.11.3:test
[INFO] |  |  +- com.fasterxml.jackson.datatype:jackson-datatype-jsr310:jar:2.11.3:test
[INFO] |  |  +- com.fasterxml.jackson.datatype:jackson-datatype-jdk8:jar:2.11.3:test
[INFO] |  |  +- com.fasterxml.jackson.module:jackson-module-parameter-names:jar:2.11.3:test
[INFO] |  |  +- com.fasterxml.jackson.core:jackson-annotations:jar:2.11.3:test
[INFO] |  |  +- com.fasterxml.jackson.module:jackson-module-jaxb-annotations:jar:2.11.3:test
[INFO] |  |  |  +- jakarta.xml.bind:jakarta.xml.bind-api:jar:2.3.2:test
[INFO] |  |  |  \- jakarta.activation:jakarta.activation-api:jar:1.2.1:test
[INFO] |  |  \- com.fasterxml.jackson.dataformat:jackson-dataformat-yaml:jar:2.11.3:test
[INFO] |  +- com.vladsch.flexmark:flexmark-all:jar:0.50.42:test
[INFO] |  |  +- com.vladsch.flexmark:flexmark:jar:0.50.42:test
[INFO] |  |  +- com.vladsch.flexmark:flexmark-ext-abbreviation:jar:0.50.42:test
[INFO] |  |  +- com.vladsch.flexmark:flexmark-ext-admonition:jar:0.50.42:test
[INFO] |  |  +- com.vladsch.flexmark:flexmark-ext-anchorlink:jar:0.50.42:test
[INFO] |  |  +- com.vladsch.flexmark:flexmark-ext-aside:jar:0.50.42:test
[INFO] |  |  +- com.vladsch.flexmark:flexmark-ext-attributes:jar:0.50.42:test
[INFO] |  |  +- com.vladsch.flexmark:flexmark-ext-autolink:jar:0.50.42:test
[INFO] |  |  |  \- org.nibor.autolink:autolink:jar:0.6.0:test
[INFO] |  |  +- com.vladsch.flexmark:flexmark-ext-definition:jar:0.50.42:test
[INFO] |  |  +- com.vladsch.flexmark:flexmark-ext-emoji:jar:0.50.42:test
[INFO] |  |  +- com.vladsch.flexmark:flexmark-ext-enumerated-reference:jar:0.50.42:test
[INFO] |  |  +- com.vladsch.flexmark:flexmark-ext-escaped-character:jar:0.50.42:test
[INFO] |  |  +- com.vladsch.flexmark:flexmark-ext-footnotes:jar:0.50.42:test
[INFO] |  |  +- com.vladsch.flexmark:flexmark-ext-gfm-issues:jar:0.50.42:test
[INFO] |  |  +- com.vladsch.flexmark:flexmark-ext-gfm-strikethrough:jar:0.50.42:test
[INFO] |  |  +- com.vladsch.flexmark:flexmark-ext-gfm-tables:jar:0.50.42:test
[INFO] |  |  +- com.vladsch.flexmark:flexmark-ext-gfm-tasklist:jar:0.50.42:test
[INFO] |  |  +- com.vladsch.flexmark:flexmark-ext-gfm-users:jar:0.50.42:test
[INFO] |  |  +- com.vladsch.flexmark:flexmark-ext-gitlab:jar:0.50.42:test
[INFO] |  |  +- com.vladsch.flexmark:flexmark-ext-jekyll-front-matter:jar:0.50.42:test
[INFO] |  |  +- com.vladsch.flexmark:flexmark-ext-jekyll-tag:jar:0.50.42:test
[INFO] |  |  +- com.vladsch.flexmark:flexmark-ext-media-tags:jar:0.50.42:test
[INFO] |  |  +- com.vladsch.flexmark:flexmark-ext-macros:jar:0.50.42:test
[INFO] |  |  +- com.vladsch.flexmark:flexmark-ext-ins:jar:0.50.42:test
[INFO] |  |  +- com.vladsch.flexmark:flexmark-ext-xwiki-macros:jar:0.50.42:test
[INFO] |  |  +- com.vladsch.flexmark:flexmark-ext-superscript:jar:0.50.42:test
[INFO] |  |  +- com.vladsch.flexmark:flexmark-ext-tables:jar:0.50.42:test
[INFO] |  |  +- com.vladsch.flexmark:flexmark-ext-toc:jar:0.50.42:test
[INFO] |  |  +- com.vladsch.flexmark:flexmark-ext-typographic:jar:0.50.42:test
[INFO] |  |  +- com.vladsch.flexmark:flexmark-ext-wikilink:jar:0.50.42:test
[INFO] |  |  +- com.vladsch.flexmark:flexmark-ext-yaml-front-matter:jar:0.50.42:test
[INFO] |  |  +- com.vladsch.flexmark:flexmark-ext-youtube-embedded:jar:0.50.42:test
[INFO] |  |  +- com.vladsch.flexmark:flexmark-formatter:jar:0.50.42:test
[INFO] |  |  +- com.vladsch.flexmark:flexmark-html-parser:jar:0.50.42:test
[INFO] |  |  |  \- org.jsoup:jsoup:jar:1.11.3:test
[INFO] |  |  +- com.vladsch.flexmark:flexmark-html2md-converter:jar:0.50.42:test
[INFO] |  |  +- com.vladsch.flexmark:flexmark-jira-converter:jar:0.50.42:test
[INFO] |  |  +- com.vladsch.flexmark:flexmark-pdf-converter:jar:0.50.42:test
[INFO] |  |  |  +- com.openhtmltopdf:openhtmltopdf-core:jar:1.0.0:test
[INFO] |  |  |  +- com.openhtmltopdf:openhtmltopdf-pdfbox:jar:1.0.0:test
[INFO] |  |  |  |  +- org.apache.pdfbox:pdfbox:jar:2.0.16:test
[INFO] |  |  |  |  |  \- org.apache.pdfbox:fontbox:jar:2.0.16:test
[INFO] |  |  |  |  +- org.apache.pdfbox:xmpbox:jar:2.0.16:test
[INFO] |  |  |  |  \- de.rototor.pdfbox:graphics2d:jar:0.24:test
[INFO] |  |  |  +- com.openhtmltopdf:openhtmltopdf-rtl-support:jar:1.0.0:test
[INFO] |  |  |  |  \- com.ibm.icu:icu4j:jar:59.1:test
[INFO] |  |  |  \- com.openhtmltopdf:openhtmltopdf-jsoup-dom-converter:jar:1.0.0:test
[INFO] |  |  +- com.vladsch.flexmark:flexmark-profile-pegdown:jar:0.50.42:test
[INFO] |  |  +- com.vladsch.flexmark:flexmark-util:jar:0.50.42:test
[INFO] |  |  \- com.vladsch.flexmark:flexmark-youtrack-converter:jar:0.50.42:test
[INFO] |  \- com.github.stefanbirkner:system-rules:jar:1.19.0:test
[INFO] +- org.jenkins-ci.main:jenkins-core:jar:2.235.1:provided
[INFO] |  +- org.jenkins-ci.plugins.icon-shim:icon-set:jar:1.0.5:provided
[INFO] |  +- org.jenkins-ci.main:remoting:jar:4.3:provided
[INFO] |  +- org.jenkins-ci.main:cli:jar:2.235.1:provided
[INFO] |  +- org.jenkins-ci:version-number:jar:1.7:provided
[INFO] |  +- org.jenkins-ci:crypto-util:jar:1.5:provided
[INFO] |  +- org.jvnet.hudson:jtidy:jar:4aug2000r7-dev-hudson-1:provided
[INFO] |  +- com.google.inject:guice:jar:4.0:provided
[INFO] |  |  +- javax.inject:javax.inject:jar:1:provided
[INFO] |  |  \- aopalliance:aopalliance:jar:1.0:provided
[INFO] |  +- org.connectbot.jbcrypt:jbcrypt:jar:1.0.0:compile
[INFO] |  +- org.jruby.ext.posix:jna-posix:jar:1.0.3-jenkins-1:provided
[INFO] |  +- com.github.jnr:jnr-posix:jar:3.0.45:provided
[INFO] |  |  +- com.github.jnr:jnr-ffi:jar:2.1.8:provided
[INFO] |  |  |  +- com.github.jnr:jffi:jar:1.2.17:provided
[INFO] |  |  |  +- com.github.jnr:jffi:jar:native:1.2.16:provided
[INFO] |  |  |  +- org.ow2.asm:asm:jar:5.0.3:provided
[INFO] |  |  |  +- org.ow2.asm:asm-commons:jar:5.0.3:provided
[INFO] |  |  |  +- org.ow2.asm:asm-analysis:jar:5.0.3:provided
[INFO] |  |  |  +- org.ow2.asm:asm-tree:jar:5.0.3:provided
[INFO] |  |  |  +- org.ow2.asm:asm-util:jar:5.0.3:provided
[INFO] |  |  |  \- com.github.jnr:jnr-x86asm:jar:1.0.2:provided
[INFO] |  |  \- com.github.jnr:jnr-constants:jar:0.9.9:provided
[INFO] |  +- org.kohsuke.stapler:stapler-groovy:jar:1.259:provided
[INFO] |  |  \- org.kohsuke.stapler:stapler-jelly:jar:1.259:provided
[INFO] |  |     +- org.jenkins-ci:commons-jelly:jar:1.1-jenkins-20120928:provided
[INFO] |  |     \- org.dom4j:dom4j:jar:2.1.1:provided
[INFO] |  +- org.kohsuke.stapler:stapler-jrebel:jar:1.259:provided
[INFO] |  |  \- org.kohsuke.stapler:stapler:jar:1.259:provided
[INFO] |  |     +- javax.annotation:javax.annotation-api:jar:1.2:provided
[INFO] |  |     +- commons-discovery:commons-discovery:jar:0.4:provided
[INFO] |  |     +- org.jvnet:tiger-types:jar:2.2:provided
[INFO] |  |     \- org.kohsuke:asm5:jar:5.0.1:provided
[INFO] |  +- org.kohsuke:windows-package-checker:jar:1.2:provided
[INFO] |  +- org.kohsuke.stapler:stapler-adjunct-zeroclipboard:jar:1.3.5-1:provided
[INFO] |  +- org.kohsuke.stapler:stapler-adjunct-timeline:jar:1.5:provided
[INFO] |  +- org.kohsuke.stapler:stapler-adjunct-codemirror:jar:1.3:provided
[INFO] |  +- io.jenkins.stapler:jenkins-stapler-support:jar:1.1:provided
[INFO] |  +- com.infradna.tool:bridge-method-annotation:jar:1.13:provided
[INFO] |  +- org.kohsuke.stapler:json-lib:jar:2.4-jenkins-2:provided
[INFO] |  |  \- net.sf.ezmorph:ezmorph:jar:1.0.6:provided
[INFO] |  +- commons-httpclient:commons-httpclient:jar:3.1-jenkins-1:provided
[INFO] |  +- args4j:args4j:jar:2.33:provided
[INFO] |  +- org.jenkins-ci:annotation-indexer:jar:1.12:provided
[INFO] |  +- org.jenkins-ci:bytecode-compatibility-transformer:jar:2.0-beta-2:provided
[INFO] |  |  +- org.kohsuke:asm6:jar:6.2:provided
[INFO] |  |  \- org.jenkins-ci:constant-pool-scanner:jar:1.2:provided
[INFO] |  +- org.jenkins-ci:task-reactor:jar:1.5:provided
[INFO] |  +- org.jvnet.localizer:localizer:jar:1.26:provided
[INFO] |  +- antlr:antlr:jar:2.7.6:provided
[INFO] |  +- org.jvnet.hudson:xstream:jar:1.4.7-jenkins-1:provided
[INFO] |  +- xpp3:xpp3:jar:1.1.4c:provided
[INFO] |  +- net.sf.kxml:kxml2:jar:2.3.0:provided
[INFO] |  +- org.jfree:jfreechart:jar:1.0.19:provided
[INFO] |  |  \- org.jfree:jcommon:jar:1.0.23:provided
[INFO] |  +- org.apache.ant:ant:jar:1.10.7:provided
[INFO] |  |  \- org.apache.ant:ant-launcher:jar:1.10.7:provided
[INFO] |  +- commons-io:commons-io:jar:2.6:provided
[INFO] |  +- commons-lang:commons-lang:jar:2.6:provided
[INFO] |  +- commons-digester:commons-digester:jar:2.1:provided
[INFO] |  +- commons-beanutils:commons-beanutils:jar:1.9.3:provided
[INFO] |  +- org.apache.commons:commons-compress:jar:1.19:provided
[INFO] |  +- com.sun.mail:jakarta.mail:jar:1.6.5:provided
[INFO] |  |  \- com.sun.activation:jakarta.activation:jar:1.2.1:provided
[INFO] |  +- jaxen:jaxen:jar:1.1-beta-11:provided
[INFO] |  +- commons-jelly:commons-jelly-tags-fmt:jar:1.0:provided
[INFO] |  +- commons-jelly:commons-jelly-tags-xml:jar:1.1:provided
[INFO] |  +- org.jvnet.hudson:commons-jelly-tags-define:jar:1.0.1-hudson-20071021:provided
[INFO] |  +- org.jenkins-ci:commons-jexl:jar:1.1-jenkins-20111212:provided
[INFO] |  +- org.acegisecurity:acegi-security:jar:1.0.7:provided
[INFO] |  |  +- org.springframework:spring-jdbc:jar:1.2.9:provided
[INFO] |  |  |  \- org.springframework:spring-dao:jar:1.2.9:provided
[INFO] |  |  +- oro:oro:jar:2.0.8:provided
[INFO] |  |  \- log4j:log4j:jar:1.2.17:provided
[INFO] |  +- org.codehaus.groovy:groovy-all:jar:2.4.12:provided
[INFO] |  +- jline:jline:jar:2.12:provided
[INFO] |  +- org.fusesource.jansi:jansi:jar:1.11:provided
[INFO] |  +- org.springframework:spring-webmvc:jar:2.5.6.SEC03:provided
[INFO] |  |  +- org.springframework:spring-beans:jar:2.5.6.SEC03:provided
[INFO] |  |  +- org.springframework:spring-context:jar:2.5.6.SEC03:provided
[INFO] |  |  +- org.springframework:spring-context-support:jar:2.5.6.SEC03:provided
[INFO] |  |  \- org.springframework:spring-web:jar:2.5.6.SEC03:provided
[INFO] |  +- org.springframework:spring-core:jar:2.5.6.SEC03:provided
[INFO] |  +- org.springframework:spring-aop:jar:2.5.6.SEC03:provided
[INFO] |  +- javax.servlet.jsp.jstl:javax.servlet.jsp.jstl-api:jar:1.2.1:provided
[INFO] |  +- org.slf4j:jcl-over-slf4j:jar:1.7.26:provided
[INFO] |  |  \- org.slf4j:slf4j-api:jar:1.7.26:provided
[INFO] |  +- org.slf4j:log4j-over-slf4j:jar:1.7.26:provided
[INFO] |  +- com.sun.xml.txw2:txw2:jar:20110809:provided
[INFO] |  |  +- javax.xml.stream:stax-api:jar:1.0-2:provided
[INFO] |  |  \- relaxngDatatype:relaxngDatatype:jar:20020414:provided
[INFO] |  +- commons-collections:commons-collections:jar:3.2.2:provided
[INFO] |  +- org.jvnet.winp:winp:jar:1.28:provided
[INFO] |  +- org.jenkins-ci:memory-monitor:jar:1.9:provided
[INFO] |  +- org.codehaus.woodstox:wstx-asl:jar:3.2.9:provided
[INFO] |  |  \- stax:stax-api:jar:1.0.1:provided
[INFO] |  +- net.java.dev.jna:jna:jar:5.3.1:provided
[INFO] |  +- org.kohsuke:akuma:jar:1.10:provided
[INFO] |  +- org.kohsuke:libpam4j:jar:1.11:provided
[INFO] |  +- org.kohsuke:libzfs:jar:0.8:provided
[INFO] |  +- com.sun.solaris:embedded_su4j:jar:1.1:provided
[INFO] |  +- net.java.sezpoz:sezpoz:jar:1.13:provided
[INFO] |  +- org.kohsuke.jinterop:j-interop:jar:2.0.6-kohsuke-1:provided
[INFO] |  |  \- org.kohsuke.jinterop:j-interopdeps:jar:2.0.6-kohsuke-1:provided
[INFO] |  |     \- org.samba.jcifs:jcifs:jar:1.3.17-kohsuke-1:provided
[INFO] |  +- org.jvnet.robust-http-client:robust-http-client:jar:1.2:provided
[INFO] |  +- org.jenkins-ci:symbol-annotation:jar:1.20:compile
[INFO] |  +- commons-codec:commons-codec:jar:1.14:provided
[INFO] |  +- commons-fileupload:commons-fileupload:jar:1.3.1-jenkins-2:provided
[INFO] |  \- com.jcraft:jzlib:jar:1.1.3-kohsuke-1:provided
[INFO] +- org.jenkins-ci.main:jenkins-war:executable-war:2.235.1:test
[INFO] |  +- org.jenkins-ci.modules:instance-identity:jar:2.2:test
[INFO] |  |  \- io.github.stephenc.crypto:self-signed-cert-generator:jar:1.0.0:test
[INFO] |  +- org.jenkins-ci.modules:ssh-cli-auth:jar:1.8:test
[INFO] |  +- org.jenkins-ci.modules:slave-installer:jar:1.7:test
[INFO] |  +- org.jenkins-ci.modules:windows-slave-installer:jar:1.12:test
[INFO] |  +- org.jenkins-ci.modules:launchd-slave-installer:jar:1.2:test
[INFO] |  +- org.jenkins-ci.modules:upstart-slave-installer:jar:1.1:test
[INFO] |  +- org.jenkins-ci.modules:systemd-slave-installer:jar:1.1:test
[INFO] |  +- org.jenkins-ci.modules:sshd:jar:2.6:test
[INFO] |  |  +- org.apache.sshd:sshd-core:jar:1.7.0:test
[INFO] |  |  \- net.i2p.crypto:eddsa:jar:0.3.0:compile
[INFO] |  +- org.jenkins-ci.ui:jquery-detached:jar:core-assets:1.2.1:test
[INFO] |  +- org.jenkins-ci.ui:bootstrap:jar:core-assets:1.3.2:test
[INFO] |  +- org.jenkins-ci.ui:handlebars:jar:core-assets:1.1.1:test
[INFO] |  \- org.slf4j:slf4j-jdk14:jar:1.7.26:test
[INFO] +- javax.servlet:javax.servlet-api:jar:3.1.0:provided
[INFO] +- com.github.spotbugs:spotbugs-annotations:jar:3.1.11:provided (optional) 
[INFO] +- net.jcip:jcip-annotations:jar:1.0:provided (optional) 
[INFO] +- org.codehaus.mojo:animal-sniffer-annotations:jar:1.19:provided (optional) 
[INFO] +- commons-logging:commons-logging:jar:1.2:provided
[INFO] +- org.kohsuke:access-modifier-annotation:jar:1.16:provided
[INFO] +- org.jenkins-ci.main:jenkins-test-harness:jar:2.69:test
[INFO] |  +- org.eclipse.jetty:jetty-webapp:jar:9.4.32.v20200930:test
[INFO] |  |  +- org.eclipse.jetty:jetty-xml:jar:9.4.32.v20200930:test
[INFO] |  |  |  \- org.eclipse.jetty:jetty-util:jar:9.4.32.v20200930:test
[INFO] |  |  \- org.eclipse.jetty:jetty-servlet:jar:9.4.32.v20200930:test
[INFO] |  +- org.eclipse.jetty:jetty-security:jar:9.4.32.v20200930:test
[INFO] |  |  \- org.eclipse.jetty:jetty-server:jar:9.4.32.v20200930:test
[INFO] |  |     \- org.eclipse.jetty:jetty-io:jar:9.4.32.v20200930:test
[INFO] |  +- org.eclipse.jetty.websocket:websocket-api:jar:9.4.32.v20200930:test
[INFO] |  +- org.eclipse.jetty.websocket:websocket-server:jar:9.4.32.v20200930:test
[INFO] |  |  +- org.eclipse.jetty.websocket:websocket-common:jar:9.4.32.v20200930:test
[INFO] |  |  +- org.eclipse.jetty.websocket:websocket-client:jar:9.4.32.v20200930:test
[INFO] |  |  |  \- org.eclipse.jetty:jetty-client:jar:9.4.32.v20200930:test
[INFO] |  |  +- org.eclipse.jetty.websocket:websocket-servlet:jar:9.4.32.v20200930:test
[INFO] |  |  \- org.eclipse.jetty:jetty-http:jar:9.4.32.v20200930:test
[INFO] |  +- org.hamcrest:hamcrest:jar:2.2:test
[INFO] |  +- org.hamcrest:hamcrest-core:jar:2.2:test
[INFO] |  +- org.hamcrest:hamcrest-library:jar:2.2:test
[INFO] |  +- org.jenkins-ci.main:jenkins-test-harness-htmlunit:jar:3:test
[INFO] |  |  +- xalan:serializer:jar:2.7.2:test
[INFO] |  |  +- xml-apis:xml-apis:jar:1.4.01:test
[INFO] |  |  +- commons-net:commons-net:jar:3.6:test
[INFO] |  |  +- org.brotli:dec:jar:0.1.2:test
[INFO] |  |  \- com.shapesecurity:salvation:jar:2.7.2:test
[INFO] |  +- org.jvnet.hudson:embedded-rhino-debugger:jar:1.2:test
[INFO] |  +- io.jenkins.lib:support-log-formatter:jar:1.0:test
[INFO] |  +- org.netbeans.modules:org-netbeans-insane:jar:RELEASE111:test
[INFO] |  +- org.openjdk.jmh:jmh-core:jar:1.26:test
[INFO] |  |  +- net.sf.jopt-simple:jopt-simple:jar:4.6:test
[INFO] |  |  \- org.apache.commons:commons-math3:jar:3.2:test
[INFO] |  \- org.openjdk.jmh:jmh-generator-annprocess:jar:1.26:test
[INFO] +- org.jenkins-ci:test-annotations:jar:1.3:test
[INFO] \- junit:junit:jar:4.13.1:test
[INFO] ------------------------------------------------------------------------
[INFO] BUILD SUCCESS
[INFO] ------------------------------------------------------------------------
[INFO] Total time:  2.888 s
[INFO] Finished at: 2021-01-08T15:34:29+01:00
[INFO] ------------------------------------------------------------------------
